<?xml version="1.0" encoding="UTF-8"?>
<!-- Generated by org.testng.reporters.JUnitReportReporter -->
<testsuite hostname="Gautams-MacBook-Air.local" failures="0" tests="1" name="com.crm.qa.TestCases.ExtentDemo" time="1.119" errors="0" timestamp="11 Jun 2020 18:44:17 GMT" skipped="0">
  <testcase classname="com.crm.qa.TestCases.ExtentDemo" name="loginTest" time="1.119"/>
</testsuite> <!-- com.crm.qa.TestCases.ExtentDemo -->
